[07:24:28] [ServerMain/INFO]: [bootstrap] Running Java 21 (OpenJDK 64-Bit Server VM 21.0.9+10-Ubuntu-124.04; Ubuntu null) on Linux 6.14.0-37-generic (amd64)
[07:24:28] [ServerMain/INFO]: [bootstrap] Loading Paper 1.21.11-100-main@4873e3f (2026-01-29T11:02:49Z) for Minecraft 1.21.11
[07:24:29] [ServerMain/INFO]: [PluginInitializerManager] Initializing plugins...
[07:24:30] [ServerMain/INFO]: [PluginInitializerManager] Initialized 2 plugins
[07:24:30] [ServerMain/INFO]: [PluginInitializerManager] Bukkit plugins (2):
 - Chunky (1.4.40), TerraformGenerator (25.0.1)
[07:24:37] [ServerMain/INFO]: Environment: Environment[sessionHost=https://sessionserver.mojang.com, servicesHost=https://api.minecraftservices.com, profilesHost=https://api.mojang.com, name=PROD]
[07:24:38] [ServerMain/INFO]: Loaded 1470 recipes
[07:24:38] [ServerMain/INFO]: Loaded 1584 advancements
[07:24:38] [ServerMain/INFO]: [ca.spottedleaf.dataconverter.minecraft.datatypes.MCTypeRegistry] Initialising converters for DataConverter...
[07:24:38] [ServerMain/INFO]: [ca.spottedleaf.dataconverter.minecraft.datatypes.MCTypeRegistry] Finished initialising converters for DataConverter in 251.3ms
[07:24:38] [Server thread/INFO]: Starting minecraft server version 1.21.11
[07:24:38] [Server thread/INFO]: Loading properties
[07:24:38] [Server thread/INFO]: This server is running Paper version 1.21.11-100-main@4873e3f (2026-01-29T11:02:49Z) (Implementing API version 1.21.11-R0.1-SNAPSHOT)
[07:24:39] [Server thread/INFO]: [spark] This server bundles the spark profiler. For more information please visit https://docs.papermc.io/paper/profiling
[07:24:39] [Server thread/INFO]: Using 4 threads for Netty based IO
[07:24:39] [Server thread/INFO]: Server Ping Player Sample Count: 12
[07:24:39] [Server thread/INFO]: [MoonriseCommon] Paper is using 4 worker threads, 1 I/O threads
[07:24:39] [Server thread/INFO]: Default game type: SURVIVAL
[07:24:39] [Server thread/INFO]: Generating keypair
[07:24:39] [Server thread/INFO]: Starting Minecraft server on *:25565
[07:24:39] [Server thread/INFO]: Paper: Using libdeflate (Linux x86_64) compression from Velocity.
[07:24:39] [Server thread/INFO]: Paper: Using OpenSSL 3.x.x (Linux x86_64) cipher from Velocity.
[07:24:39] [Server thread/INFO]: [TerraformGenerator] Loading server plugin TerraformGenerator v25.0.1
[07:24:39] [Server thread/INFO]: [Chunky] Loading server plugin Chunky v1.4.40
[07:24:39] [Server thread/INFO]: Server permissions file permissions.yml is empty, ignoring it
[07:24:39] [Server thread/INFO]: [TerraformGenerator] Enabling TerraformGenerator v25.0.1
[07:24:39] [Server thread/INFO]: [TerraformGenerator] Custom Logger Initialized
[07:24:40] [Server thread/INFO]: [TerraformGenerator] bStats Metrics enabled.
[07:24:40] [Server thread/INFO]: [TerraformGenerator] Detected version: v1_21_R7, packName: v1_21_R7
[07:24:40] [Server thread/WARN]: **** SERVER IS RUNNING IN OFFLINE/INSECURE MODE!
[07:24:40] [Server thread/WARN]: The server will make no attempt to authenticate usernames. Beware.
[07:24:40] [Server thread/WARN]: While this makes the game possible to play without internet access, it also opens up the ability for hackers to connect with any username they choose.
[07:24:40] [Server thread/WARN]: To change this, set "online-mode" to "true" in the server.properties file.
[07:24:40] [Server thread/INFO]: Preparing level "world"
[07:24:40] [Server thread/INFO]: [ca.spottedleaf.moonrise.common.util.MoonriseConstants] NUMA enable flag is not set; however there is NUMA interaction support for this OS.
[07:24:40] [Server thread/INFO]: [ca.spottedleaf.moonrise.common.util.MoonriseConstants] Detected 1 NUMA nodes.
[07:24:40] [Server thread/INFO]: [TerraformGenerator] Detected world: world, commencing injection... 
[07:24:40] [Server thread/INFO]: [TerraformGenerator] Injection success! Proceeding with generation.
[07:24:40] [Server thread/INFO]: [TerraformGenerator] Detected world: world_nether, commencing injection... 
[07:24:40] [Server thread/INFO]: [TerraformGenerator] Injection success! Proceeding with generation.
[07:24:40] [Server thread/INFO]: [TerraformGenerator] Detected world: world_the_end, commencing injection... 
[07:24:40] [Server thread/INFO]: [TerraformGenerator] Injection success! Proceeding with generation.
[07:24:40] [Server thread/INFO]: Loading 0 persistent chunks for world 'minecraft:overworld'...
[07:24:40] [Server thread/INFO]: Preparing spawn area: 100%
[07:24:40] [Server thread/INFO]: Prepared spawn area in 1 ms
[07:24:40] [Server thread/INFO]: [TerraformGenerator] world loaded.
[07:24:40] [Server thread/INFO]: Loading 0 persistent chunks for world 'minecraft:the_nether'...
[07:24:40] [Server thread/INFO]: Prepared spawn area in 0 ms
[07:24:40] [Server thread/INFO]: [TerraformGenerator] world_nether loaded.
[07:24:40] [Server thread/INFO]: Loading 0 persistent chunks for world 'minecraft:the_end'...
[07:24:40] [Server thread/INFO]: Prepared spawn area in 0 ms
[07:24:40] [Server thread/INFO]: [TerraformGenerator] world_the_end loaded.
[07:24:40] [Server thread/INFO]: Done preparing level "world" (0.464s)
[07:24:40] [Server thread/INFO]: [Chunky] Enabling Chunky v1.4.40
[07:24:40] [Server thread/INFO]: [spark] Starting background profiler...
[07:24:41] [Server thread/INFO]: Running delayed init tasks
[07:24:41] [Server thread/INFO]: Done (13.476s)! For help, type "help"
[07:24:44] [User Authenticator #0/INFO]: UUID of player luido_ is 69ed9be5-9d25-38b8-88e6-8ec06d327baf
[07:24:45] [Server thread/INFO]: luido_ joined the game
[07:24:45] [Server thread/INFO]: luido_[/100.82.9.49:34214] logged in with entity id 73 at ([world]38.17230138791188, 48.0, -544.3169969209988)
[07:24:48] [User Authenticator #0/INFO]: UUID of player livinis is edb6476b-c636-3aed-8e4d-8b015c91d535
[07:24:48] [Server thread/INFO]: livinis joined the game
[07:24:48] [Server thread/INFO]: livinis[/100.76.151.76:58594] logged in with entity id 298 at ([world]4.300000011920929, 64.0, 33.30000001192093)
[07:24:54] [Server thread/INFO]: livinis has made the advancement [Stone Age]
[07:25:43] [Async Chat Thread - #1/INFO]: [Not Secure] <livinis> oi luido
[07:25:49] [Async Chat Thread - #1/INFO]: [Not Secure] <luido_> oi
[07:26:07] [Server thread/INFO]: livinis lost connection: Disconnected
[07:26:07] [Server thread/INFO]: livinis left the game
[07:26:17] [User Authenticator #1/INFO]: UUID of player livinis is edb6476b-c636-3aed-8e4d-8b015c91d535
[07:26:18] [Server thread/INFO]: livinis joined the game
[07:26:18] [Server thread/INFO]: livinis[/100.76.151.76:58322] logged in with entity id 890 at ([world]4.300000011920929, 61.0, 34.69999998807907)
[07:30:00] [Server thread/INFO]: luido_ has made the advancement [Acquire Hardware]
[07:30:55] [Server thread/INFO]: luido_ has made the advancement [Isn't It Iron Pick]
[07:31:51] [Server thread/INFO]: livinis has made the advancement [Getting an Upgrade]
[07:31:57] [Server thread/INFO]: livinis has made the advancement [Acquire Hardware]
[07:34:17] [Server thread/INFO]: luido_ has made the advancement [Monster Hunter]
[07:35:24] [Server thread/INFO]: livinis fell from a high place
[07:38:19] [Server thread/INFO]: livinis has made the advancement [Sweet Dreams]
[07:40:14] [Server thread/INFO]: luido_ was slain by Zombie
[07:43:04] [Server thread/INFO]: luido_ was shot by Skeleton
[07:47:00] [Paper Common Worker #3/WARN]: [ca.spottedleaf.moonrise.patches.chunk_system.scheduling.task.ChunkUpgradeGenericStatusTask] Future status not complete after scheduling: minecraft:biomes, generate: true
[08:00:00] [Server thread/INFO]: livinis was slain by Zombie
[08:21:58] [Server thread/INFO]: luido_ has made the advancement [A Seedy Place]
[08:22:16] [Async Chat Thread - #2/INFO]: [Not Secure] <livinis> ew
[08:22:46] [Async Chat Thread - #2/INFO]: [Not Secure] <livinis> mimimimimi
[08:33:44] [Async Chat Thread - #4/INFO]: [Not Secure] <livinis> zzzzzzzzzzzzzzzzzzzzl
[08:39:58] [Server thread/INFO]: livinis has made the advancement [Light as a Rabbit]
[08:48:22] [Server thread/INFO]: luido_ lost connection: Disconnected
[08:48:22] [Server thread/INFO]: luido_ left the game
[08:49:27] [Server thread/INFO]: livinis lost connection: Disconnected
[08:49:27] [Server thread/INFO]: livinis left the game
[08:51:36] [User Authenticator #2/INFO]: UUID of player luido_ is 69ed9be5-9d25-38b8-88e6-8ec06d327baf
[08:51:36] [Server thread/INFO]: luido_ joined the game
[08:51:36] [Server thread/INFO]: luido_[/100.82.9.49:37926] logged in with entity id 14733 at ([world]50.37415073191898, 64.0, -523.901924380585)
[08:52:10] [User Authenticator #2/INFO]: UUID of player livinis is edb6476b-c636-3aed-8e4d-8b015c91d535
[08:52:11] [Server thread/INFO]: livinis joined the game
[08:52:11] [Server thread/INFO]: livinis[/100.76.151.76:55297] logged in with entity id 14939 at ([world]50.69999998807907, 64.0, -521.3000000119209)
[08:56:41] [Server thread/INFO]: livinis has made the advancement [Isn't It Iron Pick]
[08:58:41] [Server thread/INFO]: livinis has made the advancement [Not Today, Thank You]
[08:59:04] [Server thread/INFO]: luido_ has made the advancement [Take Aim]
[09:07:43] [Server thread/INFO]: luido_ has made the advancement [Not Today, Thank You]
[09:32:02] [Server thread/INFO]: Saving the game (this may take a moment!)
[09:32:02] [Server thread/INFO]: Saved the game
[09:32:06] [Server thread/INFO]: Stopping the server
[09:32:06] [Server thread/INFO]: Stopping server
[09:32:06] [Server thread/INFO]: [Chunky] Disabling Chunky v1.4.40
[09:32:06] [Server thread/INFO]: [TerraformGenerator] Disabling TerraformGenerator v25.0.1
[09:32:06] [Server thread/INFO]: Saving players
[09:32:06] [Server thread/INFO]: luido_ lost connection: Server closed
[09:32:06] [Server thread/INFO]: luido_ left the game
[09:32:06] [Server thread/INFO]: livinis lost connection: Server closed
[09:32:06] [Server thread/INFO]: livinis left the game
[09:32:06] [Server thread/INFO]: Saving worlds
[09:32:06] [Server thread/INFO]: Saving chunks for level 'ServerLevel[world]'/minecraft:overworld
[09:32:06] [Server thread/INFO]: [ChunkHolderManager] Waiting 60s for chunk system to halt for world 'world'
[09:32:06] [Server thread/INFO]: [ChunkHolderManager] Halted chunk system for world 'world'
[09:32:06] [Server thread/INFO]: [ChunkHolderManager] Saving all chunkholders for world 'world'
[09:32:06] [Server thread/INFO]: [ChunkHolderManager] Saved 342 block chunks, 286 entity chunks, 0 poi chunks in world 'world' in 0.29s
[09:32:06] [Server thread/INFO]: [ChunkHolderManager] Waiting 60s for chunk I/O to halt for world 'world'
[09:32:06] [Server thread/INFO]: [ChunkHolderManager] Halted I/O scheduler for world 'world'
[09:32:06] [Server thread/INFO]: Saving chunks for level 'ServerLevel[world_nether]'/minecraft:the_nether
[09:32:06] [Server thread/INFO]: [ChunkHolderManager] Waiting 60s for chunk system to halt for world 'world_nether'
[09:32:06] [Server thread/INFO]: [ChunkHolderManager] Halted chunk system for world 'world_nether'
[09:32:06] [Server thread/INFO]: [ChunkHolderManager] Saving all chunkholders for world 'world_nether'
[09:32:06] [Server thread/INFO]: [ChunkHolderManager] Saved 0 block chunks, 0 entity chunks, 0 poi chunks in world 'world_nether' in 0.00s
[09:32:06] [Server thread/INFO]: [ChunkHolderManager] Waiting 60s for chunk I/O to halt for world 'world_nether'
[09:32:06] [Server thread/INFO]: [ChunkHolderManager] Halted I/O scheduler for world 'world_nether'
[09:32:06] [Server thread/INFO]: Saving chunks for level 'ServerLevel[world_the_end]'/minecraft:the_end
[09:32:06] [Server thread/INFO]: [ChunkHolderManager] Waiting 60s for chunk system to halt for world 'world_the_end'
[09:32:06] [Server thread/INFO]: [ChunkHolderManager] Halted chunk system for world 'world_the_end'
[09:32:06] [Server thread/INFO]: [ChunkHolderManager] Saving all chunkholders for world 'world_the_end'
[09:32:06] [Server thread/INFO]: [ChunkHolderManager] Saved 0 block chunks, 0 entity chunks, 0 poi chunks in world 'world_the_end' in 0.00s
[09:32:06] [Server thread/INFO]: [ChunkHolderManager] Waiting 60s for chunk I/O to halt for world 'world_the_end'
[09:32:06] [Server thread/INFO]: [ChunkHolderManager] Halted I/O scheduler for world 'world_the_end'
[09:32:06] [Server thread/INFO]: ThreadedAnvilChunkStorage (world): All chunks are saved
[09:32:06] [Server thread/INFO]: ThreadedAnvilChunkStorage (DIM-1): All chunks are saved
[09:32:06] [Server thread/INFO]: ThreadedAnvilChunkStorage (DIM1): All chunks are saved
[09:32:06] [Server thread/INFO]: ThreadedAnvilChunkStorage: All dimensions are saved
[09:32:06] [Server thread/INFO]: Waiting for all RegionFile I/O tasks to complete...
[09:32:06] [Server thread/INFO]: All RegionFile I/O tasks to complete
[09:32:06] [Server thread/INFO]: [MoonriseCommon] Awaiting termination of worker pool for up to 60s...
[09:32:06] [Server thread/INFO]: [MoonriseCommon] Awaiting termination of I/O pool for up to 60s...
